<?xml version="1.0" encoding="UTF-8"?>
<!-- Generated by org.testng.reporters.JUnitReportReporter -->
<testsuite hostname="DESKTOP-CT94613" failures="0" tests="6" name="com.nopcommerce.user.User_02_Login" time="6.767" errors="0" timestamp="25 Jan 2023 22:08:55 GMT" skipped="0">
  <testcase classname="com.nopcommerce.user.User_02_Login" name="Login_04_Blank_Password" time="0.970"/>
  <testcase classname="com.nopcommerce.user.User_02_Login" name="Login_02_Invalid_Email" time="0.731"/>
  <testcase classname="com.nopcommerce.user.User_02_Login" name="Login_01_Empty_Data" time="1.301"/>
  <testcase classname="com.nopcommerce.user.User_02_Login" name="Login_06_Correct_Account" time="1.341"/>
  <testcase classname="com.nopcommerce.user.User_02_Login" name="Login_05_Wrong_Password" time="1.117"/>
  <testcase classname="com.nopcommerce.user.User_02_Login" name="Login_03_Not_Existing_Email" time="1.307"/>
</testsuite> <!-- com.nopcommerce.user.User_02_Login -->
