<?xml version="1.0" encoding="UTF-8"?>
<!-- Generated by org.testng.reporters.JUnitReportReporter -->
<testsuite hostname="DESKTOP-CT94613" failures="0" tests="6" name="com.nopcommerce.user.User_02_Login" time="7.428" errors="0" timestamp="30 Jan 2023 16:54:17 GMT" skipped="0">
  <testcase classname="com.nopcommerce.user.User_02_Login" name="Login_05_Wrong_Password" time="1.326"/>
  <testcase classname="com.nopcommerce.user.User_02_Login" name="Login_04_Blank_Password" time="1.178"/>
  <testcase classname="com.nopcommerce.user.User_02_Login" name="Login_06_Correct_Account" time="1.960"/>
  <testcase classname="com.nopcommerce.user.User_02_Login" name="Login_02_Invalid_Email" time="0.583"/>
  <testcase classname="com.nopcommerce.user.User_02_Login" name="Login_03_Not_Existing_Email" time="1.175"/>
  <testcase classname="com.nopcommerce.user.User_02_Login" name="Login_01_Empty_Data" time="1.206"/>
</testsuite> <!-- com.nopcommerce.user.User_02_Login -->
