<?xml version="1.0" encoding="UTF-8"?>
<!-- Generated by org.testng.reporters.JUnitReportReporter -->
<testsuite hostname="DESKTOP-CT94613" failures="0" tests="6" name="com.nopcommerce.user.User_02_Login" time="6.097" errors="0" timestamp="30 Jan 2023 15:51:32 GMT" skipped="0">
  <testcase classname="com.nopcommerce.user.User_02_Login" name="Login_02_Invalid_Email" time="0.666"/>
  <testcase classname="com.nopcommerce.user.User_02_Login" name="Login_05_Wrong_Password" time="0.859"/>
  <testcase classname="com.nopcommerce.user.User_02_Login" name="Login_06_Correct_Account" time="1.527"/>
  <testcase classname="com.nopcommerce.user.User_02_Login" name="Login_04_Blank_Password" time="0.902"/>
  <testcase classname="com.nopcommerce.user.User_02_Login" name="Login_01_Empty_Data" time="1.202"/>
  <testcase classname="com.nopcommerce.user.User_02_Login" name="Login_03_Not_Existing_Email" time="0.941"/>
</testsuite> <!-- com.nopcommerce.user.User_02_Login -->
