<?xml version="1.0" encoding="UTF-8"?>
<!-- Generated by org.testng.reporters.JUnitReportReporter -->
<testsuite hostname="DESKTOP-CT94613" failures="0" tests="6" name="com.nopcommerce.user.User_02_Login" time="4.716" errors="0" timestamp="30 Jan 2023 13:55:01 GMT" skipped="0">
  <testcase classname="com.nopcommerce.user.User_02_Login" name="Login_01_Empty_Data" time="1.239"/>
  <testcase classname="com.nopcommerce.user.User_02_Login" name="Login_04_Blank_Password" time="0.666"/>
  <testcase classname="com.nopcommerce.user.User_02_Login" name="Login_06_Correct_Account" time="0.962"/>
  <testcase classname="com.nopcommerce.user.User_02_Login" name="Login_02_Invalid_Email" time="0.525"/>
  <testcase classname="com.nopcommerce.user.User_02_Login" name="Login_03_Not_Existing_Email" time="0.647"/>
  <testcase classname="com.nopcommerce.user.User_02_Login" name="Login_05_Wrong_Password" time="0.677"/>
</testsuite> <!-- com.nopcommerce.user.User_02_Login -->
